[Wed Sep 03 07:23:22.703463 2025] [:notice] [pid 21:tid 281473028898848] ModSecurity for Apache/2.9.5 (http://www.modsecurity.org/) configured.
[Wed Sep 03 07:23:22.703544 2025] [:notice] [pid 21:tid 281473028898848] ModSecurity: APR compiled version="1.7.0"; loaded version="1.7.0"
[Wed Sep 03 07:23:22.703574 2025] [:notice] [pid 21:tid 281473028898848] ModSecurity: PCRE compiled version="8.39 "; loaded version="8.39 2016-06-14"
[Wed Sep 03 07:23:22.703597 2025] [:notice] [pid 21:tid 281473028898848] ModSecurity: LUA compiled version="Lua 5.1"
[Wed Sep 03 07:23:22.703632 2025] [:notice] [pid 21:tid 281473028898848] ModSecurity: YAJL compiled version="2.1.0"
[Wed Sep 03 07:23:22.703665 2025] [:notice] [pid 21:tid 281473028898848] ModSecurity: LIBXML compiled version="2.9.12"
[Wed Sep 03 07:23:22.703693 2025] [:notice] [pid 21:tid 281473028898848] ModSecurity: Status engine is currently disabled, enable it by set SecStatusEngine to On.
AH00558: apache2: Could not reliably determine the server's fully qualified domain name, using 172.20.0.3. Set the 'ServerName' directive globally to suppress this message
[Wed Sep 03 07:23:22.733415 2025] [mpm_event:notice] [pid 21:tid 281473028898848] AH00489: Apache/2.4.52 (Ubuntu) OpenSSL/3.0.2 mod_wsgi/4.9.0 Python/3.10 configured -- resuming normal operations
[Wed Sep 03 07:23:22.733539 2025] [core:notice] [pid 21:tid 281473028898848] AH00094: Command line: '/usr/sbin/apache2 -D FOREGROUND'
[Wed Sep 03 07:26:09.216780 2025] [:notice] [pid 21:tid 281473354395680] ModSecurity for Apache/2.9.5 (http://www.modsecurity.org/) configured.
[Wed Sep 03 07:26:09.216933 2025] [:notice] [pid 21:tid 281473354395680] ModSecurity: APR compiled version="1.7.0"; loaded version="1.7.0"
[Wed Sep 03 07:26:09.216987 2025] [:notice] [pid 21:tid 281473354395680] ModSecurity: PCRE compiled version="8.39 "; loaded version="8.39 2016-06-14"
[Wed Sep 03 07:26:09.217036 2025] [:notice] [pid 21:tid 281473354395680] ModSecurity: LUA compiled version="Lua 5.1"
[Wed Sep 03 07:26:09.217069 2025] [:notice] [pid 21:tid 281473354395680] ModSecurity: YAJL compiled version="2.1.0"
[Wed Sep 03 07:26:09.217104 2025] [:notice] [pid 21:tid 281473354395680] ModSecurity: LIBXML compiled version="2.9.12"
[Wed Sep 03 07:26:09.217138 2025] [:notice] [pid 21:tid 281473354395680] ModSecurity: Status engine is currently disabled, enable it by set SecStatusEngine to On.
AH00558: apache2: Could not reliably determine the server's fully qualified domain name, using 172.20.0.3. Set the 'ServerName' directive globally to suppress this message
[Wed Sep 03 07:26:09.240252 2025] [core:warn] [pid 21:tid 281473354395680] AH00098: pid file /var/run/apache2/apache2.pid overwritten -- Unclean shutdown of previous Apache run?
[Wed Sep 03 07:26:09.240466 2025] [wsgi:warn] [pid 21:tid 281473354395680] (98)Address already in use: mod_wsgi (pid=21): Removing stale unix domain socket '/var/run/apache2/wsgi.21.0.1.sock'.
[Wed Sep 03 07:26:09.241994 2025] [mpm_event:notice] [pid 21:tid 281473354395680] AH00489: Apache/2.4.52 (Ubuntu) OpenSSL/3.0.2 mod_wsgi/4.9.0 Python/3.10 configured -- resuming normal operations
[Wed Sep 03 07:26:09.242065 2025] [core:notice] [pid 21:tid 281473354395680] AH00094: Command line: '/usr/sbin/apache2 -D FOREGROUND'
[Wed Sep 03 07:30:03.156242 2025] [:notice] [pid 21:tid 281473219096608] ModSecurity for Apache/2.9.5 (http://www.modsecurity.org/) configured.
[Wed Sep 03 07:30:03.156371 2025] [:notice] [pid 21:tid 281473219096608] ModSecurity: APR compiled version="1.7.0"; loaded version="1.7.0"
[Wed Sep 03 07:30:03.156397 2025] [:notice] [pid 21:tid 281473219096608] ModSecurity: PCRE compiled version="8.39 "; loaded version="8.39 2016-06-14"
[Wed Sep 03 07:30:03.156422 2025] [:notice] [pid 21:tid 281473219096608] ModSecurity: LUA compiled version="Lua 5.1"
[Wed Sep 03 07:30:03.156444 2025] [:notice] [pid 21:tid 281473219096608] ModSecurity: YAJL compiled version="2.1.0"
[Wed Sep 03 07:30:03.156466 2025] [:notice] [pid 21:tid 281473219096608] ModSecurity: LIBXML compiled version="2.9.12"
[Wed Sep 03 07:30:03.156488 2025] [:notice] [pid 21:tid 281473219096608] ModSecurity: Status engine is currently disabled, enable it by set SecStatusEngine to On.
AH00558: apache2: Could not reliably determine the server's fully qualified domain name, using 172.20.0.3. Set the 'ServerName' directive globally to suppress this message
[Wed Sep 03 07:30:03.184256 2025] [mpm_event:notice] [pid 21:tid 281473219096608] AH00489: Apache/2.4.52 (Ubuntu) OpenSSL/3.0.2 mod_wsgi/4.9.0 Python/3.10 configured -- resuming normal operations
[Wed Sep 03 07:30:03.184305 2025] [core:notice] [pid 21:tid 281473219096608] AH00094: Command line: '/usr/sbin/apache2 -D FOREGROUND'
[Wed Sep 03 07:31:00.342307 2025] [:notice] [pid 21:tid 281472990912544] ModSecurity for Apache/2.9.5 (http://www.modsecurity.org/) configured.
[Wed Sep 03 07:31:00.342412 2025] [:notice] [pid 21:tid 281472990912544] ModSecurity: APR compiled version="1.7.0"; loaded version="1.7.0"
[Wed Sep 03 07:31:00.342440 2025] [:notice] [pid 21:tid 281472990912544] ModSecurity: PCRE compiled version="8.39 "; loaded version="8.39 2016-06-14"
[Wed Sep 03 07:31:00.342459 2025] [:notice] [pid 21:tid 281472990912544] ModSecurity: LUA compiled version="Lua 5.1"
[Wed Sep 03 07:31:00.342478 2025] [:notice] [pid 21:tid 281472990912544] ModSecurity: YAJL compiled version="2.1.0"
[Wed Sep 03 07:31:00.342496 2025] [:notice] [pid 21:tid 281472990912544] ModSecurity: LIBXML compiled version="2.9.12"
[Wed Sep 03 07:31:00.342514 2025] [:notice] [pid 21:tid 281472990912544] ModSecurity: Status engine is currently disabled, enable it by set SecStatusEngine to On.
AH00558: apache2: Could not reliably determine the server's fully qualified domain name, using 172.20.0.3. Set the 'ServerName' directive globally to suppress this message
[Wed Sep 03 07:31:00.367715 2025] [mpm_event:notice] [pid 21:tid 281472990912544] AH00489: Apache/2.4.52 (Ubuntu) OpenSSL/3.0.2 mod_wsgi/4.9.0 Python/3.10 configured -- resuming normal operations
[Wed Sep 03 07:31:00.367847 2025] [core:notice] [pid 21:tid 281472990912544] AH00094: Command line: '/usr/sbin/apache2 -D FOREGROUND'
[Wed Sep 03 07:45:07.003455 2025] [:notice] [pid 21:tid 281473483751456] ModSecurity for Apache/2.9.5 (http://www.modsecurity.org/) configured.
[Wed Sep 03 07:45:07.003545 2025] [:notice] [pid 21:tid 281473483751456] ModSecurity: APR compiled version="1.7.0"; loaded version="1.7.0"
[Wed Sep 03 07:45:07.003588 2025] [:notice] [pid 21:tid 281473483751456] ModSecurity: PCRE compiled version="8.39 "; loaded version="8.39 2016-06-14"
[Wed Sep 03 07:45:07.003615 2025] [:notice] [pid 21:tid 281473483751456] ModSecurity: LUA compiled version="Lua 5.1"
[Wed Sep 03 07:45:07.003672 2025] [:notice] [pid 21:tid 281473483751456] ModSecurity: YAJL compiled version="2.1.0"
[Wed Sep 03 07:45:07.003695 2025] [:notice] [pid 21:tid 281473483751456] ModSecurity: LIBXML compiled version="2.9.12"
[Wed Sep 03 07:45:07.003717 2025] [:notice] [pid 21:tid 281473483751456] ModSecurity: Status engine is currently disabled, enable it by set SecStatusEngine to On.
AH00558: apache2: Could not reliably determine the server's fully qualified domain name, using 172.20.0.3. Set the 'ServerName' directive globally to suppress this message
[Wed Sep 03 07:45:07.033307 2025] [mpm_event:notice] [pid 21:tid 281473483751456] AH00489: Apache/2.4.52 (Ubuntu) OpenSSL/3.0.2 mod_wsgi/4.9.0 Python/3.10 configured -- resuming normal operations
[Wed Sep 03 07:45:07.033398 2025] [core:notice] [pid 21:tid 281473483751456] AH00094: Command line: '/usr/sbin/apache2 -D FOREGROUND'
[Wed Sep 03 08:22:31.457543 2025] [:notice] [pid 21:tid 281473301815328] ModSecurity for Apache/2.9.5 (http://www.modsecurity.org/) configured.
[Wed Sep 03 08:22:31.457667 2025] [:notice] [pid 21:tid 281473301815328] ModSecurity: APR compiled version="1.7.0"; loaded version="1.7.0"
[Wed Sep 03 08:22:31.457693 2025] [:notice] [pid 21:tid 281473301815328] ModSecurity: PCRE compiled version="8.39 "; loaded version="8.39 2016-06-14"
[Wed Sep 03 08:22:31.457716 2025] [:notice] [pid 21:tid 281473301815328] ModSecurity: LUA compiled version="Lua 5.1"
[Wed Sep 03 08:22:31.457737 2025] [:notice] [pid 21:tid 281473301815328] ModSecurity: YAJL compiled version="2.1.0"
[Wed Sep 03 08:22:31.457788 2025] [:notice] [pid 21:tid 281473301815328] ModSecurity: LIBXML compiled version="2.9.12"
[Wed Sep 03 08:22:31.457808 2025] [:notice] [pid 21:tid 281473301815328] ModSecurity: Status engine is currently disabled, enable it by set SecStatusEngine to On.
AH00558: apache2: Could not reliably determine the server's fully qualified domain name, using 172.20.0.3. Set the 'ServerName' directive globally to suppress this message
[Wed Sep 03 08:22:31.491488 2025] [mpm_event:notice] [pid 21:tid 281473301815328] AH00489: Apache/2.4.52 (Ubuntu) OpenSSL/3.0.2 mod_wsgi/4.9.0 Python/3.10 configured -- resuming normal operations
[Wed Sep 03 08:22:31.491551 2025] [core:notice] [pid 21:tid 281473301815328] AH00094: Command line: '/usr/sbin/apache2 -D FOREGROUND'
[Wed Sep 03 08:24:04.015973 2025] [:notice] [pid 21:tid 281473833566240] ModSecurity for Apache/2.9.5 (http://www.modsecurity.org/) configured.
[Wed Sep 03 08:24:04.016338 2025] [:notice] [pid 21:tid 281473833566240] ModSecurity: APR compiled version="1.7.0"; loaded version="1.7.0"
[Wed Sep 03 08:24:04.016452 2025] [:notice] [pid 21:tid 281473833566240] ModSecurity: PCRE compiled version="8.39 "; loaded version="8.39 2016-06-14"
[Wed Sep 03 08:24:04.018270 2025] [:notice] [pid 21:tid 281473833566240] ModSecurity: LUA compiled version="Lua 5.1"
[Wed Sep 03 08:24:04.018938 2025] [:notice] [pid 21:tid 281473833566240] ModSecurity: YAJL compiled version="2.1.0"
[Wed Sep 03 08:24:04.018994 2025] [:notice] [pid 21:tid 281473833566240] ModSecurity: LIBXML compiled version="2.9.12"
[Wed Sep 03 08:24:04.019047 2025] [:notice] [pid 21:tid 281473833566240] ModSecurity: Status engine is currently disabled, enable it by set SecStatusEngine to On.
AH00558: apache2: Could not reliably determine the server's fully qualified domain name, using 172.20.0.3. Set the 'ServerName' directive globally to suppress this message
[Wed Sep 03 08:24:04.054408 2025] [mpm_event:notice] [pid 21:tid 281473833566240] AH00489: Apache/2.4.52 (Ubuntu) OpenSSL/3.0.2 mod_wsgi/4.9.0 Python/3.10 configured -- resuming normal operations
[Wed Sep 03 08:24:04.054457 2025] [core:notice] [pid 21:tid 281473833566240] AH00094: Command line: '/usr/sbin/apache2 -D FOREGROUND'
[Wed Sep 03 08:45:43.807791 2025] [:notice] [pid 21:tid 281473222946848] ModSecurity for Apache/2.9.5 (http://www.modsecurity.org/) configured.
[Wed Sep 03 08:45:43.808067 2025] [:notice] [pid 21:tid 281473222946848] ModSecurity: APR compiled version="1.7.0"; loaded version="1.7.0"
[Wed Sep 03 08:45:43.808275 2025] [:notice] [pid 21:tid 281473222946848] ModSecurity: PCRE compiled version="8.39 "; loaded version="8.39 2016-06-14"
[Wed Sep 03 08:45:43.808515 2025] [:notice] [pid 21:tid 281473222946848] ModSecurity: LUA compiled version="Lua 5.1"
[Wed Sep 03 08:45:43.808695 2025] [:notice] [pid 21:tid 281473222946848] ModSecurity: YAJL compiled version="2.1.0"
[Wed Sep 03 08:45:43.809111 2025] [:notice] [pid 21:tid 281473222946848] ModSecurity: LIBXML compiled version="2.9.12"
[Wed Sep 03 08:45:43.810274 2025] [:notice] [pid 21:tid 281473222946848] ModSecurity: Status engine is currently disabled, enable it by set SecStatusEngine to On.
AH00558: apache2: Could not reliably determine the server's fully qualified domain name, using 172.20.1.10. Set the 'ServerName' directive globally to suppress this message
[Wed Sep 03 08:45:43.857984 2025] [mpm_event:notice] [pid 21:tid 281473222946848] AH00489: Apache/2.4.52 (Ubuntu) OpenSSL/3.0.2 mod_wsgi/4.9.0 Python/3.10 configured -- resuming normal operations
[Wed Sep 03 08:45:43.858096 2025] [core:notice] [pid 21:tid 281473222946848] AH00094: Command line: '/usr/sbin/apache2 -D FOREGROUND'
[Tue Sep 23 10:24:24.174459 2025] [:notice] [pid 21:tid 281473137819680] ModSecurity for Apache/2.9.5 (http://www.modsecurity.org/) configured.
[Tue Sep 23 10:24:24.175616 2025] [:notice] [pid 21:tid 281473137819680] ModSecurity: APR compiled version="1.7.0"; loaded version="1.7.0"
[Tue Sep 23 10:24:24.175668 2025] [:notice] [pid 21:tid 281473137819680] ModSecurity: PCRE compiled version="8.39 "; loaded version="8.39 2016-06-14"
[Tue Sep 23 10:24:24.175727 2025] [:notice] [pid 21:tid 281473137819680] ModSecurity: LUA compiled version="Lua 5.1"
[Tue Sep 23 10:24:24.175751 2025] [:notice] [pid 21:tid 281473137819680] ModSecurity: YAJL compiled version="2.1.0"
[Tue Sep 23 10:24:24.175794 2025] [:notice] [pid 21:tid 281473137819680] ModSecurity: LIBXML compiled version="2.9.12"
[Tue Sep 23 10:24:24.175827 2025] [:notice] [pid 21:tid 281473137819680] ModSecurity: Status engine is currently disabled, enable it by set SecStatusEngine to On.
AH00558: apache2: Could not reliably determine the server's fully qualified domain name, using 172.20.1.10. Set the 'ServerName' directive globally to suppress this message
[Tue Sep 23 10:24:24.206130 2025] [core:warn] [pid 21:tid 281473137819680] AH00098: pid file /var/run/apache2/apache2.pid overwritten -- Unclean shutdown of previous Apache run?
[Tue Sep 23 10:24:24.206643 2025] [wsgi:warn] [pid 21:tid 281473137819680] (98)Address already in use: mod_wsgi (pid=21): Removing stale unix domain socket '/var/run/apache2/wsgi.21.0.1.sock'.
[Tue Sep 23 10:24:24.208090 2025] [mpm_event:notice] [pid 21:tid 281473137819680] AH00489: Apache/2.4.52 (Ubuntu) OpenSSL/3.0.2 mod_wsgi/4.9.0 Python/3.10 configured -- resuming normal operations
[Tue Sep 23 10:24:24.208129 2025] [core:notice] [pid 21:tid 281473137819680] AH00094: Command line: '/usr/sbin/apache2 -D FOREGROUND'
[Tue Sep 23 10:51:02.183693 2025] [:notice] [pid 21:tid 281473508991008] ModSecurity for Apache/2.9.5 (http://www.modsecurity.org/) configured.
[Tue Sep 23 10:51:02.184367 2025] [:notice] [pid 21:tid 281473508991008] ModSecurity: APR compiled version="1.7.0"; loaded version="1.7.0"
[Tue Sep 23 10:51:02.184923 2025] [:notice] [pid 21:tid 281473508991008] ModSecurity: PCRE compiled version="8.39 "; loaded version="8.39 2016-06-14"
[Tue Sep 23 10:51:02.185049 2025] [:notice] [pid 21:tid 281473508991008] ModSecurity: LUA compiled version="Lua 5.1"
[Tue Sep 23 10:51:02.185286 2025] [:notice] [pid 21:tid 281473508991008] ModSecurity: YAJL compiled version="2.1.0"
[Tue Sep 23 10:51:02.185325 2025] [:notice] [pid 21:tid 281473508991008] ModSecurity: LIBXML compiled version="2.9.12"
[Tue Sep 23 10:51:02.188745 2025] [:notice] [pid 21:tid 281473508991008] ModSecurity: Status engine is currently disabled, enable it by set SecStatusEngine to On.
AH00558: apache2: Could not reliably determine the server's fully qualified domain name, using 172.20.1.10. Set the 'ServerName' directive globally to suppress this message
[Tue Sep 23 10:51:02.232830 2025] [mpm_event:notice] [pid 21:tid 281473508991008] AH00489: Apache/2.4.52 (Ubuntu) OpenSSL/3.0.2 mod_wsgi/4.9.0 Python/3.10 configured -- resuming normal operations
[Tue Sep 23 10:51:02.232919 2025] [core:notice] [pid 21:tid 281473508991008] AH00094: Command line: '/usr/sbin/apache2 -D FOREGROUND'
[Tue Sep 23 12:13:12.940646 2025] [:notice] [pid 21:tid 281473660706848] ModSecurity for Apache/2.9.5 (http://www.modsecurity.org/) configured.
[Tue Sep 23 12:13:12.941087 2025] [:notice] [pid 21:tid 281473660706848] ModSecurity: APR compiled version="1.7.0"; loaded version="1.7.0"
[Tue Sep 23 12:13:12.941111 2025] [:notice] [pid 21:tid 281473660706848] ModSecurity: PCRE compiled version="8.39 "; loaded version="8.39 2016-06-14"
[Tue Sep 23 12:13:12.941131 2025] [:notice] [pid 21:tid 281473660706848] ModSecurity: LUA compiled version="Lua 5.1"
[Tue Sep 23 12:13:12.941167 2025] [:notice] [pid 21:tid 281473660706848] ModSecurity: YAJL compiled version="2.1.0"
[Tue Sep 23 12:13:12.941206 2025] [:notice] [pid 21:tid 281473660706848] ModSecurity: LIBXML compiled version="2.9.12"
[Tue Sep 23 12:13:12.941276 2025] [:notice] [pid 21:tid 281473660706848] ModSecurity: Status engine is currently disabled, enable it by set SecStatusEngine to On.
AH00558: apache2: Could not reliably determine the server's fully qualified domain name, using 172.20.1.10. Set the 'ServerName' directive globally to suppress this message
[Tue Sep 23 12:13:12.977002 2025] [mpm_event:notice] [pid 21:tid 281473660706848] AH00489: Apache/2.4.52 (Ubuntu) OpenSSL/3.0.2 mod_wsgi/4.9.0 Python/3.10 configured -- resuming normal operations
[Tue Sep 23 12:13:12.978302 2025] [core:notice] [pid 21:tid 281473660706848] AH00094: Command line: '/usr/sbin/apache2 -D FOREGROUND'
[Tue Sep 23 13:58:12.346615 2025] [:notice] [pid 21:tid 281473007812640] ModSecurity for Apache/2.9.5 (http://www.modsecurity.org/) configured.
[Tue Sep 23 13:58:12.349083 2025] [:notice] [pid 21:tid 281473007812640] ModSecurity: APR compiled version="1.7.0"; loaded version="1.7.0"
[Tue Sep 23 13:58:12.349134 2025] [:notice] [pid 21:tid 281473007812640] ModSecurity: PCRE compiled version="8.39 "; loaded version="8.39 2016-06-14"
[Tue Sep 23 13:58:12.349166 2025] [:notice] [pid 21:tid 281473007812640] ModSecurity: LUA compiled version="Lua 5.1"
[Tue Sep 23 13:58:12.349197 2025] [:notice] [pid 21:tid 281473007812640] ModSecurity: YAJL compiled version="2.1.0"
[Tue Sep 23 13:58:12.349226 2025] [:notice] [pid 21:tid 281473007812640] ModSecurity: LIBXML compiled version="2.9.12"
[Tue Sep 23 13:58:12.349255 2025] [:notice] [pid 21:tid 281473007812640] ModSecurity: Status engine is currently disabled, enable it by set SecStatusEngine to On.
AH00558: apache2: Could not reliably determine the server's fully qualified domain name, using 172.20.1.10. Set the 'ServerName' directive globally to suppress this message
[Tue Sep 23 13:58:12.385697 2025] [mpm_event:notice] [pid 21:tid 281473007812640] AH00489: Apache/2.4.52 (Ubuntu) OpenSSL/3.0.2 mod_wsgi/4.9.0 Python/3.10 configured -- resuming normal operations
[Tue Sep 23 13:58:12.385756 2025] [core:notice] [pid 21:tid 281473007812640] AH00094: Command line: '/usr/sbin/apache2 -D FOREGROUND'
[Tue Sep 23 14:17:54.600441 2025] [:notice] [pid 21:tid 281473135337504] ModSecurity for Apache/2.9.5 (http://www.modsecurity.org/) configured.
[Tue Sep 23 14:17:54.601255 2025] [:notice] [pid 21:tid 281473135337504] ModSecurity: APR compiled version="1.7.0"; loaded version="1.7.0"
[Tue Sep 23 14:17:54.601355 2025] [:notice] [pid 21:tid 281473135337504] ModSecurity: PCRE compiled version="8.39 "; loaded version="8.39 2016-06-14"
[Tue Sep 23 14:17:54.601517 2025] [:notice] [pid 21:tid 281473135337504] ModSecurity: LUA compiled version="Lua 5.1"
[Tue Sep 23 14:17:54.604844 2025] [:notice] [pid 21:tid 281473135337504] ModSecurity: YAJL compiled version="2.1.0"
[Tue Sep 23 14:17:54.605049 2025] [:notice] [pid 21:tid 281473135337504] ModSecurity: LIBXML compiled version="2.9.12"
[Tue Sep 23 14:17:54.605148 2025] [:notice] [pid 21:tid 281473135337504] ModSecurity: Status engine is currently disabled, enable it by set SecStatusEngine to On.
AH00558: apache2: Could not reliably determine the server's fully qualified domain name, using 172.20.1.10. Set the 'ServerName' directive globally to suppress this message
[Tue Sep 23 14:17:54.679670 2025] [mpm_event:notice] [pid 21:tid 281473135337504] AH00489: Apache/2.4.52 (Ubuntu) OpenSSL/3.0.2 mod_wsgi/4.9.0 Python/3.10 configured -- resuming normal operations
[Tue Sep 23 14:17:54.679754 2025] [core:notice] [pid 21:tid 281473135337504] AH00094: Command line: '/usr/sbin/apache2 -D FOREGROUND'
[Tue Sep 23 14:37:38.057655 2025] [:notice] [pid 21:tid 281472882503712] ModSecurity for Apache/2.9.5 (http://www.modsecurity.org/) configured.
[Tue Sep 23 14:37:38.058486 2025] [:notice] [pid 21:tid 281472882503712] ModSecurity: APR compiled version="1.7.0"; loaded version="1.7.0"
[Tue Sep 23 14:37:38.058512 2025] [:notice] [pid 21:tid 281472882503712] ModSecurity: PCRE compiled version="8.39 "; loaded version="8.39 2016-06-14"
[Tue Sep 23 14:37:38.058532 2025] [:notice] [pid 21:tid 281472882503712] ModSecurity: LUA compiled version="Lua 5.1"
[Tue Sep 23 14:37:38.058551 2025] [:notice] [pid 21:tid 281472882503712] ModSecurity: YAJL compiled version="2.1.0"
[Tue Sep 23 14:37:38.058581 2025] [:notice] [pid 21:tid 281472882503712] ModSecurity: LIBXML compiled version="2.9.12"
[Tue Sep 23 14:37:38.058622 2025] [:notice] [pid 21:tid 281472882503712] ModSecurity: Status engine is currently disabled, enable it by set SecStatusEngine to On.
AH00558: apache2: Could not reliably determine the server's fully qualified domain name, using 172.20.1.10. Set the 'ServerName' directive globally to suppress this message
[Tue Sep 23 14:37:38.099372 2025] [mpm_event:notice] [pid 21:tid 281472882503712] AH00489: Apache/2.4.52 (Ubuntu) OpenSSL/3.0.2 mod_wsgi/4.9.0 Python/3.10 configured -- resuming normal operations
[Tue Sep 23 14:37:38.099557 2025] [core:notice] [pid 21:tid 281472882503712] AH00094: Command line: '/usr/sbin/apache2 -D FOREGROUND'
[Tue Sep 23 14:42:21.075375 2025] [:notice] [pid 21:tid 281473262092320] ModSecurity for Apache/2.9.5 (http://www.modsecurity.org/) configured.
[Tue Sep 23 14:42:21.075818 2025] [:notice] [pid 21:tid 281473262092320] ModSecurity: APR compiled version="1.7.0"; loaded version="1.7.0"
[Tue Sep 23 14:42:21.075911 2025] [:notice] [pid 21:tid 281473262092320] ModSecurity: PCRE compiled version="8.39 "; loaded version="8.39 2016-06-14"
[Tue Sep 23 14:42:21.075951 2025] [:notice] [pid 21:tid 281473262092320] ModSecurity: LUA compiled version="Lua 5.1"
[Tue Sep 23 14:42:21.075986 2025] [:notice] [pid 21:tid 281473262092320] ModSecurity: YAJL compiled version="2.1.0"
[Tue Sep 23 14:42:21.076074 2025] [:notice] [pid 21:tid 281473262092320] ModSecurity: LIBXML compiled version="2.9.12"
[Tue Sep 23 14:42:21.076116 2025] [:notice] [pid 21:tid 281473262092320] ModSecurity: Status engine is currently disabled, enable it by set SecStatusEngine to On.
AH00558: apache2: Could not reliably determine the server's fully qualified domain name, using 172.20.1.10. Set the 'ServerName' directive globally to suppress this message
[Tue Sep 23 14:42:21.109018 2025] [mpm_event:notice] [pid 21:tid 281473262092320] AH00489: Apache/2.4.52 (Ubuntu) OpenSSL/3.0.2 mod_wsgi/4.9.0 Python/3.10 configured -- resuming normal operations
[Tue Sep 23 14:42:21.109084 2025] [core:notice] [pid 21:tid 281473262092320] AH00094: Command line: '/usr/sbin/apache2 -D FOREGROUND'
[Tue Sep 23 14:50:26.339433 2025] [:notice] [pid 21:tid 281473869676576] ModSecurity for Apache/2.9.5 (http://www.modsecurity.org/) configured.
[Tue Sep 23 14:50:26.339803 2025] [:notice] [pid 21:tid 281473869676576] ModSecurity: APR compiled version="1.7.0"; loaded version="1.7.0"
[Tue Sep 23 14:50:26.339840 2025] [:notice] [pid 21:tid 281473869676576] ModSecurity: PCRE compiled version="8.39 "; loaded version="8.39 2016-06-14"
[Tue Sep 23 14:50:26.339873 2025] [:notice] [pid 21:tid 281473869676576] ModSecurity: LUA compiled version="Lua 5.1"
[Tue Sep 23 14:50:26.339902 2025] [:notice] [pid 21:tid 281473869676576] ModSecurity: YAJL compiled version="2.1.0"
[Tue Sep 23 14:50:26.339934 2025] [:notice] [pid 21:tid 281473869676576] ModSecurity: LIBXML compiled version="2.9.12"
[Tue Sep 23 14:50:26.339964 2025] [:notice] [pid 21:tid 281473869676576] ModSecurity: Status engine is currently disabled, enable it by set SecStatusEngine to On.
AH00558: apache2: Could not reliably determine the server's fully qualified domain name, using 172.20.1.10. Set the 'ServerName' directive globally to suppress this message
[Tue Sep 23 14:50:26.396046 2025] [mpm_event:notice] [pid 21:tid 281473869676576] AH00489: Apache/2.4.52 (Ubuntu) OpenSSL/3.0.2 mod_wsgi/4.9.0 Python/3.10 configured -- resuming normal operations
[Tue Sep 23 14:50:26.396284 2025] [core:notice] [pid 21:tid 281473869676576] AH00094: Command line: '/usr/sbin/apache2 -D FOREGROUND'
[Tue Sep 23 15:25:14.538289 2025] [:notice] [pid 21:tid 281473084862496] ModSecurity for Apache/2.9.5 (http://www.modsecurity.org/) configured.
[Tue Sep 23 15:25:14.539290 2025] [:notice] [pid 21:tid 281473084862496] ModSecurity: APR compiled version="1.7.0"; loaded version="1.7.0"
[Tue Sep 23 15:25:14.539370 2025] [:notice] [pid 21:tid 281473084862496] ModSecurity: PCRE compiled version="8.39 "; loaded version="8.39 2016-06-14"
[Tue Sep 23 15:25:14.540162 2025] [:notice] [pid 21:tid 281473084862496] ModSecurity: LUA compiled version="Lua 5.1"
[Tue Sep 23 15:25:14.540210 2025] [:notice] [pid 21:tid 281473084862496] ModSecurity: YAJL compiled version="2.1.0"
[Tue Sep 23 15:25:14.540277 2025] [:notice] [pid 21:tid 281473084862496] ModSecurity: LIBXML compiled version="2.9.12"
[Tue Sep 23 15:25:14.541029 2025] [:notice] [pid 21:tid 281473084862496] ModSecurity: Status engine is currently disabled, enable it by set SecStatusEngine to On.
AH00558: apache2: Could not reliably determine the server's fully qualified domain name, using 172.20.1.10. Set the 'ServerName' directive globally to suppress this message
[Tue Sep 23 15:25:14.600544 2025] [mpm_event:notice] [pid 21:tid 281473084862496] AH00489: Apache/2.4.52 (Ubuntu) OpenSSL/3.0.2 mod_wsgi/4.9.0 Python/3.10 configured -- resuming normal operations
[Tue Sep 23 15:25:14.600648 2025] [core:notice] [pid 21:tid 281473084862496] AH00094: Command line: '/usr/sbin/apache2 -D FOREGROUND'
[Tue Sep 23 15:37:15.497898 2025] [:notice] [pid 21:tid 281473002299424] ModSecurity for Apache/2.9.5 (http://www.modsecurity.org/) configured.
[Tue Sep 23 15:37:15.500190 2025] [:notice] [pid 21:tid 281473002299424] ModSecurity: APR compiled version="1.7.0"; loaded version="1.7.0"
[Tue Sep 23 15:37:15.500781 2025] [:notice] [pid 21:tid 281473002299424] ModSecurity: PCRE compiled version="8.39 "; loaded version="8.39 2016-06-14"
[Tue Sep 23 15:37:15.500962 2025] [:notice] [pid 21:tid 281473002299424] ModSecurity: LUA compiled version="Lua 5.1"
[Tue Sep 23 15:37:15.501059 2025] [:notice] [pid 21:tid 281473002299424] ModSecurity: YAJL compiled version="2.1.0"
[Tue Sep 23 15:37:15.501146 2025] [:notice] [pid 21:tid 281473002299424] ModSecurity: LIBXML compiled version="2.9.12"
[Tue Sep 23 15:37:15.501434 2025] [:notice] [pid 21:tid 281473002299424] ModSecurity: Status engine is currently disabled, enable it by set SecStatusEngine to On.
AH00558: apache2: Could not reliably determine the server's fully qualified domain name, using 172.20.1.10. Set the 'ServerName' directive globally to suppress this message
[Tue Sep 23 15:37:15.544368 2025] [mpm_event:notice] [pid 21:tid 281473002299424] AH00489: Apache/2.4.52 (Ubuntu) OpenSSL/3.0.2 mod_wsgi/4.9.0 Python/3.10 configured -- resuming normal operations
[Tue Sep 23 15:37:15.544600 2025] [core:notice] [pid 21:tid 281473002299424] AH00094: Command line: '/usr/sbin/apache2 -D FOREGROUND'
[Tue Sep 23 16:01:56.390802 2025] [:notice] [pid 21:tid 281472885231648] ModSecurity for Apache/2.9.5 (http://www.modsecurity.org/) configured.
[Tue Sep 23 16:01:56.392184 2025] [:notice] [pid 21:tid 281472885231648] ModSecurity: APR compiled version="1.7.0"; loaded version="1.7.0"
[Tue Sep 23 16:01:56.392259 2025] [:notice] [pid 21:tid 281472885231648] ModSecurity: PCRE compiled version="8.39 "; loaded version="8.39 2016-06-14"
[Tue Sep 23 16:01:56.392324 2025] [:notice] [pid 21:tid 281472885231648] ModSecurity: LUA compiled version="Lua 5.1"
[Tue Sep 23 16:01:56.392383 2025] [:notice] [pid 21:tid 281472885231648] ModSecurity: YAJL compiled version="2.1.0"
[Tue Sep 23 16:01:56.392434 2025] [:notice] [pid 21:tid 281472885231648] ModSecurity: LIBXML compiled version="2.9.12"
[Tue Sep 23 16:01:56.392480 2025] [:notice] [pid 21:tid 281472885231648] ModSecurity: Status engine is currently disabled, enable it by set SecStatusEngine to On.
AH00558: apache2: Could not reliably determine the server's fully qualified domain name, using 172.20.1.10. Set the 'ServerName' directive globally to suppress this message
[Tue Sep 23 16:01:56.426948 2025] [mpm_event:notice] [pid 21:tid 281472885231648] AH00489: Apache/2.4.52 (Ubuntu) OpenSSL/3.0.2 mod_wsgi/4.9.0 Python/3.10 configured -- resuming normal operations
[Tue Sep 23 16:01:56.427067 2025] [core:notice] [pid 21:tid 281472885231648] AH00094: Command line: '/usr/sbin/apache2 -D FOREGROUND'
[Wed Sep 24 09:50:44.580182 2025] [:notice] [pid 21:tid 281473611620384] ModSecurity for Apache/2.9.5 (http://www.modsecurity.org/) configured.
[Wed Sep 24 09:50:44.586456 2025] [:notice] [pid 21:tid 281473611620384] ModSecurity: APR compiled version="1.7.0"; loaded version="1.7.0"
[Wed Sep 24 09:50:44.586526 2025] [:notice] [pid 21:tid 281473611620384] ModSecurity: PCRE compiled version="8.39 "; loaded version="8.39 2016-06-14"
[Wed Sep 24 09:50:44.586663 2025] [:notice] [pid 21:tid 281473611620384] ModSecurity: LUA compiled version="Lua 5.1"
[Wed Sep 24 09:50:44.586691 2025] [:notice] [pid 21:tid 281473611620384] ModSecurity: YAJL compiled version="2.1.0"
[Wed Sep 24 09:50:44.586717 2025] [:notice] [pid 21:tid 281473611620384] ModSecurity: LIBXML compiled version="2.9.12"
[Wed Sep 24 09:50:44.586741 2025] [:notice] [pid 21:tid 281473611620384] ModSecurity: Status engine is currently disabled, enable it by set SecStatusEngine to On.
AH00558: apache2: Could not reliably determine the server's fully qualified domain name, using 172.20.1.10. Set the 'ServerName' directive globally to suppress this message
[Wed Sep 24 09:50:44.620482 2025] [core:warn] [pid 21:tid 281473611620384] AH00098: pid file /var/run/apache2/apache2.pid overwritten -- Unclean shutdown of previous Apache run?
[Wed Sep 24 09:50:44.620882 2025] [wsgi:warn] [pid 21:tid 281473611620384] (98)Address already in use: mod_wsgi (pid=21): Removing stale unix domain socket '/var/run/apache2/wsgi.21.0.1.sock'.
[Wed Sep 24 09:50:44.621702 2025] [mpm_event:notice] [pid 21:tid 281473611620384] AH00489: Apache/2.4.52 (Ubuntu) OpenSSL/3.0.2 mod_wsgi/4.9.0 Python/3.10 configured -- resuming normal operations
[Wed Sep 24 09:50:44.621750 2025] [core:notice] [pid 21:tid 281473611620384] AH00094: Command line: '/usr/sbin/apache2 -D FOREGROUND'
[Wed Sep 24 12:47:09.003289 2025] [:notice] [pid 21:tid 281473073602592] ModSecurity for Apache/2.9.5 (http://www.modsecurity.org/) configured.
[Wed Sep 24 12:47:09.004254 2025] [:notice] [pid 21:tid 281473073602592] ModSecurity: APR compiled version="1.7.0"; loaded version="1.7.0"
[Wed Sep 24 12:47:09.004477 2025] [:notice] [pid 21:tid 281473073602592] ModSecurity: PCRE compiled version="8.39 "; loaded version="8.39 2016-06-14"
[Wed Sep 24 12:47:09.005349 2025] [:notice] [pid 21:tid 281473073602592] ModSecurity: LUA compiled version="Lua 5.1"
[Wed Sep 24 12:47:09.005494 2025] [:notice] [pid 21:tid 281473073602592] ModSecurity: YAJL compiled version="2.1.0"
[Wed Sep 24 12:47:09.005894 2025] [:notice] [pid 21:tid 281473073602592] ModSecurity: LIBXML compiled version="2.9.12"
[Wed Sep 24 12:47:09.009266 2025] [:notice] [pid 21:tid 281473073602592] ModSecurity: Status engine is currently disabled, enable it by set SecStatusEngine to On.
AH00558: apache2: Could not reliably determine the server's fully qualified domain name, using 172.20.1.10. Set the 'ServerName' directive globally to suppress this message
[Wed Sep 24 12:47:09.077874 2025] [core:warn] [pid 21:tid 281473073602592] AH00098: pid file /var/run/apache2/apache2.pid overwritten -- Unclean shutdown of previous Apache run?
[Wed Sep 24 12:47:09.078802 2025] [wsgi:warn] [pid 21:tid 281473073602592] (98)Address already in use: mod_wsgi (pid=21): Removing stale unix domain socket '/var/run/apache2/wsgi.21.0.1.sock'.
[Wed Sep 24 12:47:09.081381 2025] [mpm_event:notice] [pid 21:tid 281473073602592] AH00489: Apache/2.4.52 (Ubuntu) OpenSSL/3.0.2 mod_wsgi/4.9.0 Python/3.10 configured -- resuming normal operations
[Wed Sep 24 12:47:09.081867 2025] [core:notice] [pid 21:tid 281473073602592] AH00094: Command line: '/usr/sbin/apache2 -D FOREGROUND'
[Wed Sep 24 12:51:33.914799 2025] [:notice] [pid 21:tid 281473673052192] ModSecurity for Apache/2.9.5 (http://www.modsecurity.org/) configured.
[Wed Sep 24 12:51:33.915030 2025] [:notice] [pid 21:tid 281473673052192] ModSecurity: APR compiled version="1.7.0"; loaded version="1.7.0"
[Wed Sep 24 12:51:33.915054 2025] [:notice] [pid 21:tid 281473673052192] ModSecurity: PCRE compiled version="8.39 "; loaded version="8.39 2016-06-14"
[Wed Sep 24 12:51:33.915090 2025] [:notice] [pid 21:tid 281473673052192] ModSecurity: LUA compiled version="Lua 5.1"
[Wed Sep 24 12:51:33.915126 2025] [:notice] [pid 21:tid 281473673052192] ModSecurity: YAJL compiled version="2.1.0"
[Wed Sep 24 12:51:33.915147 2025] [:notice] [pid 21:tid 281473673052192] ModSecurity: LIBXML compiled version="2.9.12"
[Wed Sep 24 12:51:33.915168 2025] [:notice] [pid 21:tid 281473673052192] ModSecurity: Status engine is currently disabled, enable it by set SecStatusEngine to On.
AH00558: apache2: Could not reliably determine the server's fully qualified domain name, using 172.20.1.10. Set the 'ServerName' directive globally to suppress this message
[Wed Sep 24 12:51:33.941800 2025] [mpm_event:notice] [pid 21:tid 281473673052192] AH00489: Apache/2.4.52 (Ubuntu) OpenSSL/3.0.2 mod_wsgi/4.9.0 Python/3.10 configured -- resuming normal operations
[Wed Sep 24 12:51:33.941855 2025] [core:notice] [pid 21:tid 281473673052192] AH00094: Command line: '/usr/sbin/apache2 -D FOREGROUND'
[Wed Sep 24 12:55:34.326625 2025] [:notice] [pid 21:tid 281473515683872] ModSecurity for Apache/2.9.5 (http://www.modsecurity.org/) configured.
[Wed Sep 24 12:55:34.326754 2025] [:notice] [pid 21:tid 281473515683872] ModSecurity: APR compiled version="1.7.0"; loaded version="1.7.0"
[Wed Sep 24 12:55:34.326776 2025] [:notice] [pid 21:tid 281473515683872] ModSecurity: PCRE compiled version="8.39 "; loaded version="8.39 2016-06-14"
[Wed Sep 24 12:55:34.326797 2025] [:notice] [pid 21:tid 281473515683872] ModSecurity: LUA compiled version="Lua 5.1"
[Wed Sep 24 12:55:34.326817 2025] [:notice] [pid 21:tid 281473515683872] ModSecurity: YAJL compiled version="2.1.0"
[Wed Sep 24 12:55:34.326835 2025] [:notice] [pid 21:tid 281473515683872] ModSecurity: LIBXML compiled version="2.9.12"
[Wed Sep 24 12:55:34.326853 2025] [:notice] [pid 21:tid 281473515683872] ModSecurity: Status engine is currently disabled, enable it by set SecStatusEngine to On.
AH00558: apache2: Could not reliably determine the server's fully qualified domain name, using 172.20.1.10. Set the 'ServerName' directive globally to suppress this message
[Wed Sep 24 12:55:34.351504 2025] [mpm_event:notice] [pid 21:tid 281473515683872] AH00489: Apache/2.4.52 (Ubuntu) OpenSSL/3.0.2 mod_wsgi/4.9.0 Python/3.10 configured -- resuming normal operations
[Wed Sep 24 12:55:34.351544 2025] [core:notice] [pid 21:tid 281473515683872] AH00094: Command line: '/usr/sbin/apache2 -D FOREGROUND'
[Wed Sep 24 13:00:14.556783 2025] [:notice] [pid 21:tid 281473157488672] ModSecurity for Apache/2.9.5 (http://www.modsecurity.org/) configured.
[Wed Sep 24 13:00:14.557046 2025] [:notice] [pid 21:tid 281473157488672] ModSecurity: APR compiled version="1.7.0"; loaded version="1.7.0"
[Wed Sep 24 13:00:14.557218 2025] [:notice] [pid 21:tid 281473157488672] ModSecurity: PCRE compiled version="8.39 "; loaded version="8.39 2016-06-14"
[Wed Sep 24 13:00:14.557403 2025] [:notice] [pid 21:tid 281473157488672] ModSecurity: LUA compiled version="Lua 5.1"
[Wed Sep 24 13:00:14.557665 2025] [:notice] [pid 21:tid 281473157488672] ModSecurity: YAJL compiled version="2.1.0"
[Wed Sep 24 13:00:14.557737 2025] [:notice] [pid 21:tid 281473157488672] ModSecurity: LIBXML compiled version="2.9.12"
[Wed Sep 24 13:00:14.557868 2025] [:notice] [pid 21:tid 281473157488672] ModSecurity: Status engine is currently disabled, enable it by set SecStatusEngine to On.
AH00558: apache2: Could not reliably determine the server's fully qualified domain name, using 172.20.1.10. Set the 'ServerName' directive globally to suppress this message
[Wed Sep 24 13:00:14.596065 2025] [mpm_event:notice] [pid 21:tid 281473157488672] AH00489: Apache/2.4.52 (Ubuntu) OpenSSL/3.0.2 mod_wsgi/4.9.0 Python/3.10 configured -- resuming normal operations
[Wed Sep 24 13:00:14.596204 2025] [core:notice] [pid 21:tid 281473157488672] AH00094: Command line: '/usr/sbin/apache2 -D FOREGROUND'
