--ecd02674-A--
[23/Sep/2025:12:20:17.038137 +0000] aNKQgcvuJUB5T-kVC0v1VwAAAEg 192.168.65.1 35435 172.20.1.10 80
--ecd02674-B--
GET / HTTP/1.1
Host: 192.168.2.27
Upgrade-Insecure-Requests: 1
Accept: text/html,application/xhtml+xml,application/xml;q=0.9,*/*;q=0.8
User-Agent: Mozilla/5.0 (iPhone; CPU iPhone OS 26_0 like Mac OS X) AppleWebKit/605.1.15 (KHTML, like Gecko) Brave/1 Mobile/15E148 Safari/604.1
Accept-Language: nl-NL,nl;q=0.9
Accept-Encoding: gzip, deflate
Connection: keep-alive

--ecd02674-F--
HTTP/1.1 200 OK
X-Content-Type-Options: nosniff
X-Frame-Options: DENY
X-XSS-Protection: 1; mode=block
Strict-Transport-Security: max-age=63072000; includeSubDomains; preload
Referrer-Policy: strict-origin-when-cross-origin
Content-Security-Policy: default-src 'self'; script-src 'self' 'unsafe-inline'; style-src 'self' 'unsafe-inline'; img-src 'self' data:;
Vary: Cookie,Accept-Encoding
Content-Encoding: gzip
Keep-Alive: timeout=5, max=100
Connection: Keep-Alive
Transfer-Encoding: chunked
Content-Type: text/html; charset=utf-8

--ecd02674-E--

--ecd02674-H--
Message: Warning. Pattern match "^[\\d.:]+$" at REQUEST_HEADERS:Host. [file "/usr/share/modsecurity-crs/rules/REQUEST-920-PROTOCOL-ENFORCEMENT.conf"] [line "735"] [id "920350"] [msg "Host header is a numeric IP address"] [data "192.168.2.27"] [severity "WARNING"] [ver "OWASP_CRS/3.3.2"] [tag "application-multi"] [tag "language-multi"] [tag "platform-multi"] [tag "attack-protocol"] [tag "paranoia-level/1"] [tag "OWASP_CRS"] [tag "capec/1000/210/272"] [tag "PCI/6.5.10"]
Apache-Error: [file "apache2_util.c"] [line 271] [level 3] [client 192.168.65.1] ModSecurity: Warning. Pattern match "^[\\\\\\\\d.:]+$" at REQUEST_HEADERS:Host. [file "/usr/share/modsecurity-crs/rules/REQUEST-920-PROTOCOL-ENFORCEMENT.conf"] [line "735"] [id "920350"] [msg "Host header is a numeric IP address"] [data "192.168.2.27"] [severity "WARNING"] [ver "OWASP_CRS/3.3.2"] [tag "application-multi"] [tag "language-multi"] [tag "platform-multi"] [tag "attack-protocol"] [tag "paranoia-level/1"] [tag "OWASP_CRS"] [tag "capec/1000/210/272"] [tag "PCI/6.5.10"] [hostname "192.168.2.27"] [uri "/"] [unique_id "aNKQgcvuJUB5T-kVC0v1VwAAAEg"]
Apache-Handler: wsgi-script
Stopwatch: 1758630017016150 23242 (- - -)
Stopwatch2: 1758630017016150 23242; combined=8555, p1=5111, p2=3153, p3=32, p4=194, p5=65, sr=1126, sw=0, l=0, gc=0
Response-Body-Transformed: Dechunked
Producer: ModSecurity for Apache/2.9.5 (http://www.modsecurity.org/); OWASP_CRS/3.3.2.
Server: Apache
Engine-Mode: "ENABLED"

--ecd02674-Z--

